<?xml version="1.0" encoding="UTF-8"?>
<testsuite name="co.com.assessment.weather.demo.WeatherApplicationTests" tests="1" skipped="1" failures="0" errors="0" timestamp="2019-09-08T13:29:25" hostname="ATHADL27841" time="0.0">
  <properties/>
  <testcase name="contextLoads" classname="co.com.assessment.weather.demo.WeatherApplicationTests" time="0.0">
    <skipped/>
  </testcase>
  <system-out><![CDATA[08:29:25.519 [Test worker] DEBUG org.springframework.test.context.junit4.SpringJUnit4ClassRunner - SpringJUnit4ClassRunner constructor called with [class co.com.assessment.weather.demo.WeatherApplicationTests]
08:29:25.527 [Test worker] DEBUG org.springframework.test.context.BootstrapUtils - Instantiating CacheAwareContextLoaderDelegate from class [org.springframework.test.context.cache.DefaultCacheAwareContextLoaderDelegate]
08:29:25.532 [Test worker] INFO org.springframework.core.KotlinDetector - Kotlin reflection implementation not found at runtime, related features won't be available.
08:29:25.539 [Test worker] DEBUG org.springframework.test.context.BootstrapUtils - Instantiating BootstrapContext using constructor [public org.springframework.test.context.support.DefaultBootstrapContext(java.lang.Class,org.springframework.test.context.CacheAwareContextLoaderDelegate)]
08:29:25.557 [Test worker] DEBUG org.springframework.test.context.BootstrapUtils - Instantiating TestContextBootstrapper for test class [co.com.assessment.weather.demo.WeatherApplicationTests] from class [org.springframework.boot.test.context.SpringBootTestContextBootstrapper]
08:29:25.573 [Test worker] INFO org.springframework.boot.test.context.SpringBootTestContextBootstrapper - Neither @ContextConfiguration nor @ContextHierarchy found for test class [co.com.assessment.weather.demo.WeatherApplicationTests], using SpringBootContextLoader
08:29:25.576 [Test worker] DEBUG org.springframework.test.context.support.AbstractContextLoader - Did not detect default resource location for test class [co.com.assessment.weather.demo.WeatherApplicationTests]: class path resource [co/com/assessment/weather/demo/WeatherApplicationTests-context.xml] does not exist
08:29:25.576 [Test worker] DEBUG org.springframework.test.context.support.AbstractContextLoader - Did not detect default resource location for test class [co.com.assessment.weather.demo.WeatherApplicationTests]: class path resource [co/com/assessment/weather/demo/WeatherApplicationTestsContext.groovy] does not exist
08:29:25.576 [Test worker] INFO org.springframework.test.context.support.AbstractContextLoader - Could not detect default resource locations for test class [co.com.assessment.weather.demo.WeatherApplicationTests]: no resource found for suffixes {-context.xml, Context.groovy}.
08:29:25.577 [Test worker] INFO org.springframework.test.context.support.AnnotationConfigContextLoaderUtils - Could not detect default configuration classes for test class [co.com.assessment.weather.demo.WeatherApplicationTests]: WeatherApplicationTests does not declare any static, non-private, non-final, nested classes annotated with @Configuration.
08:29:25.624 [Test worker] DEBUG org.springframework.test.context.support.ActiveProfilesUtils - Could not find an 'annotation declaring class' for annotation type [org.springframework.test.context.ActiveProfiles] and class [co.com.assessment.weather.demo.WeatherApplicationTests]
08:29:25.724 [Test worker] DEBUG org.springframework.context.annotation.ClassPathScanningCandidateComponentProvider - Identified candidate component class: file [/Users/edgar.salamanca/Documents/pruebas/weather/build/classes/java/main/co/com/assessment/weather/demo/WeatherApplication.class]
08:29:25.726 [Test worker] INFO org.springframework.boot.test.context.SpringBootTestContextBootstrapper - Found @SpringBootConfiguration co.com.assessment.weather.demo.WeatherApplication for test class co.com.assessment.weather.demo.WeatherApplicationTests
08:29:25.832 [Test worker] DEBUG org.springframework.boot.test.context.SpringBootTestContextBootstrapper - @TestExecutionListeners is not present for class [co.com.assessment.weather.demo.WeatherApplicationTests]: using defaults.
08:29:25.833 [Test worker] INFO org.springframework.boot.test.context.SpringBootTestContextBootstrapper - Loaded default TestExecutionListener class names from location [META-INF/spring.factories]: [org.springframework.boot.test.autoconfigure.restdocs.RestDocsTestExecutionListener, org.springframework.boot.test.autoconfigure.web.client.MockRestServiceServerResetTestExecutionListener, org.springframework.boot.test.autoconfigure.web.servlet.MockMvcPrintOnlyOnFailureTestExecutionListener, org.springframework.boot.test.autoconfigure.web.servlet.WebDriverTestExecutionListener, org.springframework.boot.test.mock.mockito.MockitoTestExecutionListener, org.springframework.boot.test.mock.mockito.ResetMocksTestExecutionListener, org.springframework.security.test.context.support.WithSecurityContextTestExecutionListener, org.springframework.security.test.context.support.ReactorContextTestExecutionListener, org.springframework.test.context.web.ServletTestExecutionListener, org.springframework.test.context.support.DirtiesContextBeforeModesTestExecutionListener, org.springframework.test.context.support.DependencyInjectionTestExecutionListener, org.springframework.test.context.support.DirtiesContextTestExecutionListener, org.springframework.test.context.transaction.TransactionalTestExecutionListener, org.springframework.test.context.jdbc.SqlScriptsTestExecutionListener]
08:29:25.848 [Test worker] DEBUG org.springframework.boot.test.context.SpringBootTestContextBootstrapper - Skipping candidate TestExecutionListener [org.springframework.test.context.transaction.TransactionalTestExecutionListener] due to a missing dependency. Specify custom listener classes or make the default listener classes and their required dependencies available. Offending class: [org/springframework/transaction/interceptor/TransactionAttributeSource]
08:29:25.849 [Test worker] DEBUG org.springframework.boot.test.context.SpringBootTestContextBootstrapper - Skipping candidate TestExecutionListener [org.springframework.test.context.jdbc.SqlScriptsTestExecutionListener] due to a missing dependency. Specify custom listener classes or make the default listener classes and their required dependencies available. Offending class: [org/springframework/transaction/interceptor/TransactionAttribute]
08:29:25.849 [Test worker] INFO org.springframework.boot.test.context.SpringBootTestContextBootstrapper - Using TestExecutionListeners: [org.springframework.test.context.web.ServletTestExecutionListener@3fd0f0f5, org.springframework.test.context.support.DirtiesContextBeforeModesTestExecutionListener@4370d4dc, org.springframework.boot.test.mock.mockito.MockitoTestExecutionListener@429be76a, org.springframework.boot.test.autoconfigure.SpringBootDependencyInjectionTestExecutionListener@4d49c702, org.springframework.test.context.support.DirtiesContextTestExecutionListener@7526c106, org.springframework.security.test.context.support.WithSecurityContextTestExecutionListener@30b52d4a, org.springframework.security.test.context.support.ReactorContextTestExecutionListener@2d883c81, org.springframework.boot.test.autoconfigure.restdocs.RestDocsTestExecutionListener@2efa8fe5, org.springframework.boot.test.autoconfigure.web.client.MockRestServiceServerResetTestExecutionListener@6d9745cd, org.springframework.boot.test.autoconfigure.web.servlet.MockMvcPrintOnlyOnFailureTestExecutionListener@74d1fa48, org.springframework.boot.test.autoconfigure.web.servlet.WebDriverTestExecutionListener@1851ac67, org.springframework.boot.test.mock.mockito.ResetMocksTestExecutionListener@62ae9d2f]
08:29:25.852 [Test worker] DEBUG org.springframework.test.annotation.ProfileValueUtils - Retrieved @ProfileValueSourceConfiguration [null] for test class [co.com.assessment.weather.demo.WeatherApplicationTests]
08:29:25.852 [Test worker] DEBUG org.springframework.test.annotation.ProfileValueUtils - Retrieved ProfileValueSource type [class org.springframework.test.annotation.SystemProfileValueSource] for class [co.com.assessment.weather.demo.WeatherApplicationTests]
08:29:25.853 [Test worker] DEBUG org.springframework.test.annotation.ProfileValueUtils - Retrieved @ProfileValueSourceConfiguration [null] for test class [co.com.assessment.weather.demo.WeatherApplicationTests]
08:29:25.853 [Test worker] DEBUG org.springframework.test.annotation.ProfileValueUtils - Retrieved ProfileValueSource type [class org.springframework.test.annotation.SystemProfileValueSource] for class [co.com.assessment.weather.demo.WeatherApplicationTests]
]]></system-out>
  <system-err><![CDATA[]]></system-err>
</testsuite>
